<?xml version="1.0" encoding="UTF-8"?>
<testng-results ignored="2" total="3" passed="1" failed="0" skipped="0">
  <reporter-output>
  </reporter-output>
  <suite started-at="2023-02-20T13:30:36 IST" name="All Test Suite" finished-at="2023-02-20T13:30:54 IST" duration-ms="18018">
    <groups>
    </groups>
    <test started-at="2023-02-20T13:30:36 IST" name="testng" finished-at="2023-02-20T13:30:54 IST" duration-ms="18018">
      <class name="com.blazeclan.qa.test.testng.BaseTest">
        <test-method is-config="true" signature="setUp()[pri:0, instance:com.blazeclan.qa.test.testng.BaseTest@c730b35]" started-at="2023-02-20T13:30:36 IST" name="setUp" finished-at="2023-02-20T13:30:49 IST" duration-ms="12877" status="PASS">
          <reporter-output>
          </reporter-output>
        </test-method> <!-- setUp -->
        <test-method is-config="true" signature="logout()[pri:0, instance:com.blazeclan.qa.test.testng.BaseTest@c730b35]" started-at="2023-02-20T13:30:53 IST" name="logout" finished-at="2023-02-20T13:30:54 IST" duration-ms="1214" status="PASS">
          <reporter-output>
          </reporter-output>
        </test-method> <!-- logout -->
      </class> <!-- com.blazeclan.qa.test.testng.BaseTest -->
      <class name="com.blazeclan.qa.test.testng.LoginTest">
        <test-method signature="LoginPage()[pri:1, instance:com.blazeclan.qa.test.testng.LoginTest@2f4948e4]" started-at="2023-02-20T13:30:49 IST" name="LoginPage" finished-at="2023-02-20T13:30:53 IST" duration-ms="3669" status="PASS">
          <reporter-output>
          </reporter-output>
        </test-method> <!-- LoginPage -->
      </class> <!-- com.blazeclan.qa.test.testng.LoginTest -->
    </test> <!-- testng -->
  </suite> <!-- All Test Suite -->
</testng-results>
